<?xml version="1.0" encoding="UTF-8"?>
<!-- Generated by org.testng.reporters.JUnitReportReporter -->
<testsuite hostname="ISMAILSHOVON" failures="0" tests="2" name="testcases.Conformationtest" time="8.141" errors="0" timestamp="2023-09-22T21:16:13 EDT" skipped="0">
  <testcase classname="testcases.Conformationtest" name="testcase2" time="4.579"/>
  <testcase classname="testcases.Conformationtest" name="testcase1" time="3.562"/>
</testsuite> <!-- testcases.Conformationtest -->
