<?xml version="1.0" encoding="UTF-8"?>
<!-- Generated by org.testng.reporters.JUnitReportReporter -->
<testsuite hostname="ISMAILSHOVON" failures="0" tests="1" name="com.example.class2" time="6.814" errors="0" timestamp="2023-09-04T14:46:55 EDT" skipped="0">
  <testcase classname="com.example.class2" name="testq" time="6.814"/>
</testsuite> <!-- com.example.class2 -->
