<?xml version="1.0" encoding="UTF-8"?>
<!-- Generated by org.testng.reporters.JUnitReportReporter -->
<testsuite hostname="ISMAILSHOVON" failures="0" tests="1" name="utilites.amazone" time="5.399" errors="0" timestamp="2023-10-05T23:00:46 EDT" skipped="0">
  <testcase classname="utilites.amazone" name="excel" time="5.399"/>
</testsuite> <!-- utilites.amazone -->
