<?xml version="1.0" encoding="UTF-8"?>
<!-- Generated by org.testng.reporters.JUnitReportReporter -->
<testsuite hostname="ISMAILSHOVON" failures="0" tests="1" name="com.example.CALENDER" time="6.379" errors="0" timestamp="2023-09-05T21:59:09 EDT" skipped="0">
  <testcase classname="com.example.CALENDER" name="calender" time="6.379"/>
</testsuite> <!-- com.example.CALENDER -->
