<?xml version="1.0" encoding="UTF-8"?>
<!-- Generated by org.testng.reporters.JUnitReportReporter -->
<testsuite hostname="ISMAILSHOVON" failures="0" tests="1" name="com.example.mouseaction" time="4.932" errors="0" timestamp="2023-09-04T17:14:10 EDT" skipped="0">
  <testcase classname="com.example.mouseaction" name="smart" time="4.932"/>
</testsuite> <!-- com.example.mouseaction -->
