<?xml version="1.0" encoding="UTF-8"?>
<!-- Generated by org.testng.reporters.JUnitReportReporter -->
<testsuite hostname="ISMAILSHOVON" failures="0" tests="1" name="com.example.amazone" time="9.742" errors="0" timestamp="2023-09-14T20:51:31 EDT" skipped="0">
  <testcase classname="com.example.amazone" name="excel" time="9.742"/>
</testsuite> <!-- com.example.amazone -->
