<?xml version="1.0" encoding="UTF-8"?>
<!-- Generated by org.testng.reporters.JUnitReportReporter -->
<testsuite hostname="ISMAILSHOVON" failures="0" tests="1" name="com.example.seleniumq" time="6.706" errors="0" timestamp="2023-08-25T21:35:11 EDT" skipped="0">
  <testcase classname="com.example.seleniumq" name="web" time="6.706"/>
</testsuite> <!-- com.example.seleniumq -->
