<?xml version="1.0" encoding="UTF-8"?>
<!-- Generated by org.testng.reporters.JUnitReportReporter -->
<testsuite hostname="ISMAILSHOVON" failures="0" tests="1" name="com.example.Browsertest" time="6.348" errors="0" timestamp="2023-09-15T21:48:59 EDT" skipped="0">
  <testcase classname="com.example.Browsertest" name="browser" time="6.348"/>
</testsuite> <!-- com.example.Browsertest -->
